<?xml version="1.0" encoding="UTF-8"?>
<!-- Generated by org.testng.reporters.JUnitReportReporter -->
<testsuite hostname="DESKTOP-LRHR7A2" failures="0" tests="3" name="com.poppulo.employee_api_tests.GetEmployeeAPITest" time="1.166" errors="0" timestamp="2024-07-14T23:27:07 IST" skipped="0">
  <testcase classname="com.poppulo.employee_api_tests.GetEmployeeAPITest" name="TCG01_ValidateGetRequestForValidUser" time="0.170"/>
  <system-out/>
  <testcase classname="com.poppulo.employee_api_tests.GetEmployeeAPITest" name="TCG02_ValidateGetRequestForNonExistentUser" time="0.806"/>
  <system-out/>
  <testcase classname="com.poppulo.employee_api_tests.GetEmployeeAPITest" name="TCG03_ValidateGetAPILatency" time="0.190"/>
  <system-out/>
</testsuite> <!-- com.poppulo.employee_api_tests.GetEmployeeAPITest -->
