<?xml version="1.0" encoding="UTF-8"?>
<!-- Generated by org.testng.reporters.JUnitReportReporter -->
<testsuite hostname="DESKTOP-LRHR7A2" failures="0" tests="1" name="com.poppulo.employee_api_tests.CreateEmployeeAPITests" time="0.009" errors="0" timestamp="2024-07-04T22:20:58 IST" skipped="0">
  <testcase classname="com.poppulo.employee_api_tests.CreateEmployeeAPITests" name="verifyUniqueEmployeeIds" time="0.009"/>
  <system-out/>
</testsuite> <!-- com.poppulo.employee_api_tests.CreateEmployeeAPITests -->
