<?xml version="1.0" encoding="UTF-8"?>
<!-- Generated by org.testng.reporters.JUnitReportReporter -->
<testsuite hostname="DESKTOP-LRHR7A2" failures="0" tests="4" name="com.poppulo.employee_api_tests.CreateEmployeeAPITests" time="0.000" errors="0" timestamp="2024-07-05T11:40:17 IST" skipped="4">
  <testcase classname="com.poppulo.employee_api_tests.CreateEmployeeAPITests" name="ValidateCustomerApiWithValidData" time="0.000">
    <skipped/>
  </testcase> <!-- ValidateCustomerApiWithValidData -->
  <system-out/>
  <testcase classname="com.poppulo.employee_api_tests.CreateEmployeeAPITests" name="ValidateCustomerApiWithInValidData" time="0.000">
    <skipped/>
  </testcase> <!-- ValidateCustomerApiWithInValidData -->
  <system-out/>
  <testcase classname="com.poppulo.employee_api_tests.CreateEmployeeAPITests" name="ValidateMultipleEmployeeCReationWithSameDataAndVerifyUniqueIdForEachEmployee" time="0.000">
    <skipped/>
  </testcase> <!-- ValidateMultipleEmployeeCReationWithSameDataAndVerifyUniqueIdForEachEmployee -->
  <system-out/>
  <testcase classname="com.poppulo.employee_api_tests.CreateEmployeeAPITests" name="verifyUniqueEmployeeIds" time="0.000">
    <skipped/>
  </testcase> <!-- verifyUniqueEmployeeIds -->
  <system-out/>
</testsuite> <!-- com.poppulo.employee_api_tests.CreateEmployeeAPITests -->
