<?xml version="1.0" encoding="UTF-8"?>
<!-- Generated by org.testng.reporters.JUnitReportReporter -->
<testsuite hostname="DESKTOP-LRHR7A2" failures="0" tests="6" name="com.poppulo.employee_api_tests.CreateEmployeeAPITests" time="5.470" errors="0" timestamp="2024-07-05T12:25:22 IST" skipped="0">
  <testcase classname="com.poppulo.employee_api_tests.CreateEmployeeAPITests" name="ValidateCustomerApiWithValidData" time="0.537"/>
  <system-out/>
  <testcase classname="com.poppulo.employee_api_tests.CreateEmployeeAPITests" name="ValidateCustomerApiWithValidData" time="3.403"/>
  <system-out/>
  <testcase classname="com.poppulo.employee_api_tests.CreateEmployeeAPITests" name="ValidateCustomerApiWithInValidData" time="0.481"/>
  <system-out/>
  <testcase classname="com.poppulo.employee_api_tests.CreateEmployeeAPITests" name="ValidateCustomerApiWithInValidData" time="0.517"/>
  <system-out/>
  <testcase classname="com.poppulo.employee_api_tests.CreateEmployeeAPITests" name="ValidateCustomerApiWithInValidData" time="0.529"/>
  <system-out/>
  <testcase classname="com.poppulo.employee_api_tests.CreateEmployeeAPITests" name="verifyUniqueEmployeeIds" time="0.003"/>
  <system-out/>
</testsuite> <!-- com.poppulo.employee_api_tests.CreateEmployeeAPITests -->
