<?xml version="1.0" encoding="UTF-8"?>
<!-- Generated by org.testng.reporters.JUnitReportReporter -->
<testsuite hostname="DESKTOP-LRHR7A2" failures="0" tests="8" name="com.poppulo.employee_api_tests.CreateEmployeeAPITests" time="6.651" errors="0" timestamp="2024-07-05T14:20:16 IST" skipped="0">
  <testcase classname="com.poppulo.employee_api_tests.CreateEmployeeAPITests" name="TC001_ValidateCustomerApiWithValidData" time="0.548"/>
  <system-out/>
  <testcase classname="com.poppulo.employee_api_tests.CreateEmployeeAPITests" name="TC001_ValidateCustomerApiWithValidData" time="2.448"/>
  <system-out/>
  <testcase classname="com.poppulo.employee_api_tests.CreateEmployeeAPITests" name="TC002_ValidateCustomerApiWithInValidData" time="0.455"/>
  <system-out/>
  <testcase classname="com.poppulo.employee_api_tests.CreateEmployeeAPITests" name="TC002_ValidateCustomerApiWithInValidData" time="0.728"/>
  <system-out/>
  <testcase classname="com.poppulo.employee_api_tests.CreateEmployeeAPITests" name="TC002_ValidateCustomerApiWithInValidData" time="0.527"/>
  <system-out/>
  <testcase classname="com.poppulo.employee_api_tests.CreateEmployeeAPITests" name="TC003_ValidateMultipleEmployeeCReationWithSameDataAndVerifyUniqueIdForEachEmployee" time="1.359"/>
  <system-out/>
  <testcase classname="com.poppulo.employee_api_tests.CreateEmployeeAPITests" name="TC003_ValidateMultipleEmployeeCReationWithSameDataAndVerifyUniqueIdForEachEmployee" time="0.583"/>
  <system-out/>
  <testcase classname="com.poppulo.employee_api_tests.CreateEmployeeAPITests" name="TC004_ValidateUniqueEmployeeIds" time="0.003"/>
  <system-out/>
</testsuite> <!-- com.poppulo.employee_api_tests.CreateEmployeeAPITests -->
