<?xml version="1.0" encoding="UTF-8"?>
<!-- Generated by org.testng.reporters.JUnitReportReporter -->
<testsuite hostname="DESKTOP-LRHR7A2" failures="0" tests="9" name="com.poppulo.employee_api_tests.CreateEmployeeAPITests" time="6.508" errors="0" timestamp="2024-07-05T19:13:05 IST" skipped="0">
  <testcase classname="com.poppulo.employee_api_tests.CreateEmployeeAPITests" name="TC001_ValidateCustomerApiWithValidData" time="2.794"/>
  <system-out/>
  <testcase classname="com.poppulo.employee_api_tests.CreateEmployeeAPITests" name="TC001_ValidateCustomerApiWithValidData" time="0.517"/>
  <system-out/>
  <testcase classname="com.poppulo.employee_api_tests.CreateEmployeeAPITests" name="TC002_ValidateCustomerApiWithInValidData" time="0.474"/>
  <system-out/>
  <testcase classname="com.poppulo.employee_api_tests.CreateEmployeeAPITests" name="TC002_ValidateCustomerApiWithInValidData" time="0.512"/>
  <system-out/>
  <testcase classname="com.poppulo.employee_api_tests.CreateEmployeeAPITests" name="TC002_ValidateCustomerApiWithInValidData" time="0.502"/>
  <system-out/>
  <testcase classname="com.poppulo.employee_api_tests.CreateEmployeeAPITests" name="TC003_ValidateMultipleEmployeeCReationWithSameDataAndVerifyUniqueIdForEachEmployee" time="0.523"/>
  <system-out/>
  <testcase classname="com.poppulo.employee_api_tests.CreateEmployeeAPITests" name="TC003_ValidateMultipleEmployeeCReationWithSameDataAndVerifyUniqueIdForEachEmployee" time="0.483"/>
  <system-out/>
  <testcase classname="com.poppulo.employee_api_tests.CreateEmployeeAPITests" name="TC004_ValidateUniqueEmployeeIds" time="0.002"/>
  <system-out/>
  <testcase classname="com.poppulo.employee_api_tests.CreateEmployeeAPITests" name="TC004__ValidateCreateAPILatency" time="0.701"/>
  <system-out/>
</testsuite> <!-- com.poppulo.employee_api_tests.CreateEmployeeAPITests -->
