<?xml version="1.0" encoding="UTF-8"?>
<!-- Generated by org.testng.reporters.JUnitReportReporter -->
<testsuite hostname="DESKTOP-LRHR7A2" failures="0" tests="8" name="com.poppulo.employee_api_tests.CreateEmployeeAPITests" time="6.696" errors="0" timestamp="2024-07-05T14:36:51 IST" skipped="0">
  <testcase classname="com.poppulo.employee_api_tests.CreateEmployeeAPITests" name="TC001_ValidateCustomerApiWithValidData" time="0.504"/>
  <system-out/>
  <testcase classname="com.poppulo.employee_api_tests.CreateEmployeeAPITests" name="TC001_ValidateCustomerApiWithValidData" time="2.956"/>
  <system-out/>
  <testcase classname="com.poppulo.employee_api_tests.CreateEmployeeAPITests" name="TC002_ValidateCustomerApiWithInValidData" time="1.447"/>
  <system-out/>
  <testcase classname="com.poppulo.employee_api_tests.CreateEmployeeAPITests" name="TC002_ValidateCustomerApiWithInValidData" time="0.478"/>
  <system-out/>
  <testcase classname="com.poppulo.employee_api_tests.CreateEmployeeAPITests" name="TC002_ValidateCustomerApiWithInValidData" time="0.437"/>
  <system-out/>
  <testcase classname="com.poppulo.employee_api_tests.CreateEmployeeAPITests" name="TC003_ValidateMultipleEmployeeCReationWithSameDataAndVerifyUniqueIdForEachEmployee" time="0.451"/>
  <system-out/>
  <testcase classname="com.poppulo.employee_api_tests.CreateEmployeeAPITests" name="TC003_ValidateMultipleEmployeeCReationWithSameDataAndVerifyUniqueIdForEachEmployee" time="0.421"/>
  <system-out/>
  <testcase classname="com.poppulo.employee_api_tests.CreateEmployeeAPITests" name="TC004_ValidateUniqueEmployeeIds" time="0.002"/>
  <system-out/>
</testsuite> <!-- com.poppulo.employee_api_tests.CreateEmployeeAPITests -->
