<?xml version="1.0" encoding="UTF-8"?>
<!-- Generated by org.testng.reporters.JUnitReportReporter -->
<testsuite hostname="DESKTOP-LRHR7A2" failures="0" tests="1" name="com.poppulo.employee_api_tests.GetEnployeeAPITest" time="2.147" errors="0" timestamp="2024-07-03T22:06:16 IST" skipped="0">
  <testcase classname="com.poppulo.employee_api_tests.GetEnployeeAPITest" name="testGetUserDataSuccess" time="2.147"/>
  <system-out/>
</testsuite> <!-- com.poppulo.employee_api_tests.GetEnployeeAPITest -->
