<?xml version="1.0" encoding="UTF-8"?>
<!-- Generated by org.testng.reporters.JUnitReportReporter -->
<testsuite hostname="DESKTOP-LRHR7A2" failures="0" tests="3" name="com.poppulo.employee_api_tests.GetEmployeeAPITest" time="0.432" errors="0" timestamp="2024-07-05T19:13:05 IST" skipped="0">
  <testcase classname="com.poppulo.employee_api_tests.GetEmployeeAPITest" name="TCG01_ValidateGetRequestForValidUser" time="0.197"/>
  <system-out/>
  <testcase classname="com.poppulo.employee_api_tests.GetEmployeeAPITest" name="TCG02_ValidateGetRequestForNonExistentUser" time="0.118"/>
  <system-out/>
  <testcase classname="com.poppulo.employee_api_tests.GetEmployeeAPITest" name="TCG03_ValidateGetAPILatency" time="0.117"/>
  <system-out/>
</testsuite> <!-- com.poppulo.employee_api_tests.GetEmployeeAPITest -->
