<?xml version="1.0" encoding="UTF-8"?>
<!-- Generated by org.testng.reporters.JUnitReportReporter -->
<testsuite hostname="DESKTOP-LRHR7A2" failures="0" tests="9" name="com.poppulo.employee_api_tests.CreateEmployeeAPITests" time="8.521" errors="0" timestamp="2024-07-14T23:27:07 IST" skipped="0">
  <testcase classname="com.poppulo.employee_api_tests.CreateEmployeeAPITests" name="TC001_ValidateCustomerApiWithValidData" time="1.030"/>
  <system-out/>
  <testcase classname="com.poppulo.employee_api_tests.CreateEmployeeAPITests" name="TC001_ValidateCustomerApiWithValidData" time="3.567"/>
  <system-out/>
  <testcase classname="com.poppulo.employee_api_tests.CreateEmployeeAPITests" name="TC002_ValidateCustomerApiWithInValidData" time="0.502"/>
  <system-out/>
  <testcase classname="com.poppulo.employee_api_tests.CreateEmployeeAPITests" name="TC002_ValidateCustomerApiWithInValidData" time="0.814"/>
  <system-out/>
  <testcase classname="com.poppulo.employee_api_tests.CreateEmployeeAPITests" name="TC002_ValidateCustomerApiWithInValidData" time="0.683"/>
  <system-out/>
  <testcase classname="com.poppulo.employee_api_tests.CreateEmployeeAPITests" name="TC003_ValidateMultipleEmployeeCReationWithSameDataAndVerifyUniqueIdForEachEmployee" time="0.727"/>
  <system-out/>
  <testcase classname="com.poppulo.employee_api_tests.CreateEmployeeAPITests" name="TC003_ValidateMultipleEmployeeCReationWithSameDataAndVerifyUniqueIdForEachEmployee" time="0.509"/>
  <system-out/>
  <testcase classname="com.poppulo.employee_api_tests.CreateEmployeeAPITests" name="TC004_ValidateUniqueEmployeeIds" time="0.001"/>
  <system-out/>
  <testcase classname="com.poppulo.employee_api_tests.CreateEmployeeAPITests" name="TC004__ValidateCreateAPILatency" time="0.688"/>
  <system-out/>
</testsuite> <!-- com.poppulo.employee_api_tests.CreateEmployeeAPITests -->
