<?xml version="1.0" encoding="UTF-8"?>
<!-- Generated by org.testng.reporters.JUnitReportReporter -->
<testsuite hostname="DESKTOP-LRHR7A2" failures="0" tests="4" name="com.poppulo.employee_api_tests.UpdateEmployeeAPITest" time="1.557" errors="0" timestamp="2024-07-05T12:25:22 IST" skipped="1">
  <testcase classname="com.poppulo.employee_api_tests.UpdateEmployeeAPITest" name="validateValidEmployeeUpdate" time="0.557"/>
  <system-out/>
  <testcase classname="com.poppulo.employee_api_tests.UpdateEmployeeAPITest" name="validateInvalidEmployeeIdUpdate" time="0.490"/>
  <system-out/>
  <testcase classname="com.poppulo.employee_api_tests.UpdateEmployeeAPITest" name="validateInvalidEmployeeDataUpdate" time="0.510"/>
  <system-out/>
  <testcase classname="com.poppulo.employee_api_tests.UpdateEmployeeAPITest" name="validateEmptyEmployeeDataUpdate">
    <skipped/>
  </testcase> <!-- validateEmptyEmployeeDataUpdate -->
  <system-out/>
</testsuite> <!-- com.poppulo.employee_api_tests.UpdateEmployeeAPITest -->
