<?xml version="1.0" encoding="UTF-8"?>
<!-- Generated by org.testng.reporters.JUnitReportReporter -->
<testsuite hostname="DESKTOP-LRHR7A2" failures="0" tests="2" name="com.poppulo.employee_api_tests.GetEmployeeAPITest" time="0.771" errors="0" timestamp="2024-07-05T11:40:17 IST" skipped="1">
  <testcase classname="com.poppulo.employee_api_tests.GetEmployeeAPITest" name="testGetUserDataSuccess" time="0.000">
    <skipped/>
  </testcase> <!-- testGetUserDataSuccess -->
  <system-out/>
  <testcase classname="com.poppulo.employee_api_tests.GetEmployeeAPITest" name="testGetNonExistentUser" time="0.771"/>
  <system-out/>
</testsuite> <!-- com.poppulo.employee_api_tests.GetEmployeeAPITest -->
