<?xml version="1.0" encoding="UTF-8"?>
<!-- Generated by org.testng.reporters.JUnitReportReporter -->
<testsuite hostname="DESKTOP-LRHR7A2" failures="0" tests="2" name="com.poppulo.employee_api_tests.GetEmployeeAPITest" time="2.358" errors="0" timestamp="2024-07-04T22:20:58 IST" skipped="0">
  <testcase classname="com.poppulo.employee_api_tests.GetEmployeeAPITest" name="testGetUserDataSuccess" time="2.250"/>
  <system-out/>
  <testcase classname="com.poppulo.employee_api_tests.GetEmployeeAPITest" name="testGetNonExistentUser" time="0.108"/>
  <system-out/>
</testsuite> <!-- com.poppulo.employee_api_tests.GetEmployeeAPITest -->
