<?xml version="1.0" encoding="UTF-8"?>
<!-- Generated by org.testng.reporters.JUnitReportReporter -->
<testsuite hostname="DESKTOP-LRHR7A2" failures="0" tests="5" name="com.poppulo.employee_api_tests.UpdateEmployeeAPITest" time="2.399" errors="0" timestamp="2024-07-14T23:27:07 IST" skipped="1">
  <testcase classname="com.poppulo.employee_api_tests.UpdateEmployeeAPITest" name="TCUO1_validateValidEmployeeUpdate" time="0.567"/>
  <system-out/>
  <testcase classname="com.poppulo.employee_api_tests.UpdateEmployeeAPITest" name="TCU02_validateUpdationWithInvalidEmployeeId" time="0.770"/>
  <system-out/>
  <testcase classname="com.poppulo.employee_api_tests.UpdateEmployeeAPITest" name="TCU03_validateDataUpdationOfValidEmployeeWithInvalidData" time="0.590"/>
  <system-out/>
  <testcase classname="com.poppulo.employee_api_tests.UpdateEmployeeAPITest" name="TC005__ValidateUpdateAPILatency" time="0.472"/>
  <system-out/>
  <testcase classname="com.poppulo.employee_api_tests.UpdateEmployeeAPITest" name="TCU04_validateEmptyEmployeeDataUpdate">
    <skipped/>
  </testcase> <!-- TCU04_validateEmptyEmployeeDataUpdate -->
  <system-out/>
</testsuite> <!-- com.poppulo.employee_api_tests.UpdateEmployeeAPITest -->
