<?xml version="1.0" encoding="UTF-8"?>
<!-- Generated by org.testng.reporters.JUnitReportReporter -->
<testsuite hostname="DESKTOP-LRHR7A2" failures="0" tests="2" name="com.poppulo.employee_api_tests.GetEmployeeAPITest" time="1.551" errors="0" timestamp="2024-07-05T14:20:16 IST" skipped="0">
  <testcase classname="com.poppulo.employee_api_tests.GetEmployeeAPITest" name="TCG01_ValidateGetRequestForValidUser" time="0.225"/>
  <system-out/>
  <testcase classname="com.poppulo.employee_api_tests.GetEmployeeAPITest" name="TCG02_ValidateGetRequestForNonExistentUser" time="1.326"/>
  <system-out/>
</testsuite> <!-- com.poppulo.employee_api_tests.GetEmployeeAPITest -->
